2013-08-29 17:12:01 - all_time: 1.80246; count_queries: 00067 /index.php?route=information/information&amp;information_id=4
2013-08-29 17:12:39 - all_time: 4.02305; count_queries: 00070 /index.php?route=common/home
2013-08-29 17:13:16 - all_time: 2.19342; count_queries: 00070 /index.php?route=common/home
2013-08-29 17:13:21 - all_time: 1.45892; count_queries: 00070 /index.php?route=common/home
2013-08-30 5:45:45 - all_time: 4.13829; count_queries: 00071 /index.php?route=common/home
2013-08-30 5:45:47 - all_time: 1.59474; count_queries: 00080 /index.php?route=common/home
2013-08-30 5:59:07 - all_time: 4.39728; count_queries: 00070 /index.php
2013-08-30 5:59:07 - all_time: 4.68097; count_queries: 00070 /index.php
2013-08-30 6:40:02 - all_time: 5.37924; count_queries: 00070 /index.php
2013-08-30 6:47:27 - all_time: 4.41822; count_queries: 00071 /index.php
2013-08-30 6:49:27 - all_time: 4.38739; count_queries: 00080 /index.php
2013-08-30 6:49:41 - all_time: 7.85144; count_queries: 00101 /index.php?route=product/category&amp;path=60
2013-08-30 6:53:54 - all_time: 5.53514; count_queries: 00101 /index.php?route=product/category&amp;path=60
2013-08-30 6:53:59 - all_time: 4.37735; count_queries: 00070 /index.php?route=common/home
2013-08-30 6:54:05 - all_time: 1.94097; count_queries: 00077 /index.php?route=product/product&amp;product_id=50
2013-08-30 6:54:05 - all_time: 0.00339; count_queries: 00006 /index.php?route=product/product/captcha
2013-08-30 6:54:06 - all_time: 0.01070; count_queries: 00008 /index.php?route=product/product/review&amp;product_id=50
2013-08-30 6:54:09 - all_time: 2.08608; count_queries: 00070 /index.php?route=common/home
2013-08-30 6:54:14 - all_time: 3.12051; count_queries: 00101 /index.php?route=product/category&amp;path=60
2013-08-30 6:54:22 - all_time: 0.00300; count_queries: 00005 /admin/
2013-08-30 6:54:29 - all_time: 0.00298; count_queries: 00006 /admin/index.php?route=common/login
2013-08-30 6:54:32 - all_time: 0.00324; count_queries: 00007 /admin/index.php?route=common/login
2013-08-30 6:54:33 - all_time: 0.00346; count_queries: 00008 /admin/index.php?route=common/login&amp;token=607ca7ce01d42b08495e2b369c0b182f
2013-08-30 6:54:33 - all_time: 0.00563; count_queries: 00019 /admin/index.php?route=common/home&amp;token=607ca7ce01d42b08495e2b369c0b182f
2013-08-30 6:54:33 - all_time: 0.01408; count_queries: 00056 /admin/index.php?route=common/home/chart&amp;token=607ca7ce01d42b08495e2b369c0b182f&amp;range=day
2013-08-30 6:54:39 - all_time: 0.00353; count_queries: 00009 /admin/index.php?route=tool/error_log&amp;token=607ca7ce01d42b08495e2b369c0b182f
2013-08-30 6:54:46 - all_time: 0.00435; count_queries: 00011 /admin/index.php?route=setting/store&amp;token=607ca7ce01d42b08495e2b369c0b182f
2013-08-30 6:54:48 - all_time: 0.00493; count_queries: 00011 /admin/index.php?route=setting/setting&amp;token=607ca7ce01d42b08495e2b369c0b182f
2013-08-30 6:54:48 - all_time: 0.00316; count_queries: 00008 /admin/index.php?route=setting/setting/template&amp;token=607ca7ce01d42b08495e2b369c0b182f&amp;template=clearshop
2013-08-30 6:54:49 - all_time: 0.00538; count_queries: 00010 /admin/index.php?route=setting/setting/country&amp;token=607ca7ce01d42b08495e2b369c0b182f&amp;country_id=20
2013-08-30 6:55:04 - all_time: 0.02849; count_queries: 00112 /admin/index.php?route=setting/setting&amp;token=607ca7ce01d42b08495e2b369c0b182f
2013-08-30 6:55:04 - all_time: 0.00732; count_queries: 00011 /admin/index.php?route=setting/store&amp;token=607ca7ce01d42b08495e2b369c0b182f
2013-08-30 6:55:16 - all_time: 2.17603; count_queries: 00070 /index.php
2013-08-30 6:55:27 - all_time: 3.84415; count_queries: 00116 /index.php?route=product/category&amp;path=60_65
2013-08-30 7:45:04 - all_time: 2.42266; count_queries: 00070 /index.php
2013-08-30 10:51:28 - all_time: 2.04704; count_queries: 00071 /index.php
2013-08-30 10:52:57 - all_time: 2.51823; count_queries: 00081 /index.php
2013-08-30 10:53:27 - all_time: 4.88292; count_queries: 00101 /index.php?route=product/category&amp;path=60
2013-08-30 10:53:37 - all_time: 3.69775; count_queries: 00115 /index.php?route=product/category&amp;path=60_59
2013-08-30 10:53:46 - all_time: 5.57353; count_queries: 00070 /index.php?route=common/home
2013-08-30 10:54:08 - all_time: 2.98921; count_queries: 00101 /index.php?route=product/category&amp;path=60
2013-08-30 10:54:11 - all_time: 3.30625; count_queries: 00107 /index.php?route=product/category&amp;path=62_78
2013-08-30 10:54:23 - all_time: 3.11515; count_queries: 00101 /index.php?route=product/category&amp;path=60
2013-08-30 10:54:27 - all_time: 4.12550; count_queries: 00116 /index.php?route=product/category&amp;path=60_65
2013-08-30 10:54:30 - all_time: 3.29483; count_queries: 00115 /index.php?route=product/category&amp;path=60_59
2013-08-30 10:54:39 - all_time: 1.96339; count_queries: 00081 /index.php?route=product/product&amp;path=60_59&amp;product_id=51
2013-08-30 10:54:39 - all_time: 0.00340; count_queries: 00006 /index.php?route=product/product/captcha
2013-08-30 10:54:39 - all_time: 0.00454; count_queries: 00008 /index.php?route=product/product/review&amp;product_id=51
2013-08-30 11:02:18 - all_time: 2.09091; count_queries: 00070 /index.php
2013-08-30 11:02:24 - all_time: 4.02702; count_queries: 00115 /index.php?route=product/category&amp;path=60_59
2013-08-30 11:02:28 - all_time: 1.87405; count_queries: 00070 /index.php?route=common/home
2013-08-30 11:02:33 - all_time: 1.50866; count_queries: 00070 /index.php?route=common/home
2013-08-30 11:02:40 - all_time: 2.87939; count_queries: 00115 /index.php?route=product/category&amp;path=60_59
2013-08-30 11:03:13 - all_time: 1.74832; count_queries: 00070 /index.php
2013-08-30 11:04:33 - all_time: 4.20179; count_queries: 00101 /index.php?route=product/category&amp;path=60
2013-08-30 11:04:38 - all_time: 4.51968; count_queries: 00116 /index.php?route=product/category&amp;path=60_65
2013-08-30 11:20:48 - all_time: 1.43645; count_queries: 00070 /index.php?route=common/home
2013-08-30 11:24:11 - all_time: 1.82548; count_queries: 00070 /index.php?route=common/home
2013-08-30 11:49:00 - all_time: 2.79639; count_queries: 00070 /index.php?route=common/home
2013-08-30 11:49:06 - all_time: 5.43501; count_queries: 00070 /index.php
